2024-12-03 20:24:03,697 [INFO] Activator:176 - 


2024-12-03 20:24:03,701 [INFO] Activator:177 - !SESSION log4j initialized
2024-12-03 20:24:07,864 [INFO] LogOutputStream:77 - [STDOUT_REDIRECT] 
2024-12-03 20:24:13,011 [INFO] ApplicationProperties:184 - Using Application install path: C:\ST\STM32CubeIDE_1.16.1\STM32CubeIDE\plugins\com.st.stm32cube.common.mx_6.12.1.202409122256
2024-12-03 20:24:13,041 [INFO] DbMcusXml:78 - Set database path to: C:\ST\STM32CubeIDE_1.16.1\STM32CubeIDE\plugins\com.st.stm32cube.common.mx_6.12.1.202409122256\\db\/mcu/
2024-12-03 20:24:13,042 [INFO] ApiDb:274 - Set plugin database path to: C:\ST\STM32CubeIDE_1.16.1\STM32CubeIDE\plugins\com.st.stm32cube.common.mx_6.12.1.202409122256\\db\/plugins/boardmanager/
2024-12-03 20:24:13,042 [WARN] ApiDb:259 - Overriding images path with different value:  => C:\ST\STM32CubeIDE_1.16.1\STM32CubeIDE\plugins\com.st.stm32cube.common.mx_6.12.1.202409122256\\db\/plugins/mcufinder/images/
2024-12-03 20:24:13,053 [INFO] ApiDb:250 - Set database path to: C:\Users\KOSTA\.stmcufinder\plugins\mcufinder//mcu/
2024-12-03 20:24:13,055 [INFO] DbMcusAds:125 - Set database path to: C:\Users\KOSTA\.stmcufinder\plugins\mcufinder//mcu/
2024-12-03 20:24:13,058 [INFO] CrossReferenceDbSqlite:203 - Set database path to: C:\Users\KOSTA\.stmcufinder\plugins\mcufinder//mcu/cs/
2024-12-03 20:24:13,295 [INFO] RulesReader:64 - Compatibility file has been processed (297 Rules)
2024-12-03 20:24:13,419 [INFO] DbMcusXml:78 - Set database path to: C:\ST\STM32CubeIDE_1.16.1\STM32CubeIDE\plugins\com.st.stm32cube.common.mx_6.12.1.202409122256\\db\/mcu/
2024-12-03 20:24:13,419 [INFO] ApiDb:274 - Set plugin database path to: C:\ST\STM32CubeIDE_1.16.1\STM32CubeIDE\plugins\com.st.stm32cube.common.mx_6.12.1.202409122256\\db\/plugins/boardmanager/
2024-12-03 20:24:13,419 [INFO] ApiDb:261 - Set plugin images path to: C:\ST\STM32CubeIDE_1.16.1\STM32CubeIDE\plugins\com.st.stm32cube.common.mx_6.12.1.202409122256\\db\/plugins/mcufinder/images/
2024-12-03 20:24:13,420 [WARN] DbFile:41 - Overriding database path with different value: C:\Users\KOSTA\.stmcufinder\plugins\mcufinder/ => C:\Users\KOSTA\.stmcufinder\plugins\mcufinder
2024-12-03 20:24:13,420 [INFO] ApiDb:250 - Set database path to: C:\Users\KOSTA\.stmcufinder\plugins\mcufinder//mcu/
2024-12-03 20:24:13,420 [WARN] DbFile:41 - Overriding database path with different value: C:\Users\KOSTA\.stmcufinder\plugins\mcufinder/ => C:\Users\KOSTA\.stmcufinder\plugins\mcufinder
2024-12-03 20:24:13,420 [INFO] DbMcusAds:125 - Set database path to: C:\Users\KOSTA\.stmcufinder\plugins\mcufinder//mcu/
2024-12-03 20:24:13,421 [WARN] DbFile:41 - Overriding database path with different value: C:\Users\KOSTA\.stmcufinder\plugins\mcufinder/ => C:\Users\KOSTA\.stmcufinder\plugins\mcufinder
2024-12-03 20:24:13,421 [WARN] DbFile:41 - Overriding database path with different value: C:\Users\KOSTA\.stmcufinder\plugins\mcufinder/ => C:\Users\KOSTA\.stmcufinder\plugins\mcufinder
2024-12-03 20:24:13,421 [INFO] CrossReferenceDbSqlite:203 - Set database path to: C:\Users\KOSTA\.stmcufinder\plugins\mcufinder//mcu/cs/
2024-12-03 20:24:13,552 [INFO] MainPanel:268 - HeapMemory: 268435456
2024-12-03 20:24:13,672 [INFO] DbMcusXml:78 - Set database path to: C:\ST\STM32CubeIDE_1.16.1\STM32CubeIDE\plugins\com.st.stm32cube.common.mx_6.12.1.202409122256\\db\/mcu/
2024-12-03 20:24:13,672 [INFO] ApiDb:274 - Set plugin database path to: C:\ST\STM32CubeIDE_1.16.1\STM32CubeIDE\plugins\com.st.stm32cube.common.mx_6.12.1.202409122256\\db\/plugins/boardmanager/
2024-12-03 20:24:13,672 [INFO] ApiDb:261 - Set plugin images path to: C:\ST\STM32CubeIDE_1.16.1\STM32CubeIDE\plugins\com.st.stm32cube.common.mx_6.12.1.202409122256\\db\/plugins/mcufinder/images/
2024-12-03 20:24:13,673 [WARN] DbFile:41 - Overriding database path with different value: C:\Users\KOSTA\.stmcufinder\plugins\mcufinder/ => C:\Users\KOSTA\.stmcufinder\plugins\mcufinder
2024-12-03 20:24:13,673 [INFO] ApiDb:250 - Set database path to: C:\Users\KOSTA\.stmcufinder\plugins\mcufinder//mcu/
2024-12-03 20:24:13,673 [WARN] DbFile:41 - Overriding database path with different value: C:\Users\KOSTA\.stmcufinder\plugins\mcufinder/ => C:\Users\KOSTA\.stmcufinder\plugins\mcufinder
2024-12-03 20:24:13,673 [INFO] DbMcusAds:125 - Set database path to: C:\Users\KOSTA\.stmcufinder\plugins\mcufinder//mcu/
2024-12-03 20:24:13,673 [WARN] DbFile:41 - Overriding database path with different value: C:\Users\KOSTA\.stmcufinder\plugins\mcufinder/ => C:\Users\KOSTA\.stmcufinder\plugins\mcufinder
2024-12-03 20:24:13,673 [WARN] DbFile:41 - Overriding database path with different value: C:\Users\KOSTA\.stmcufinder\plugins\mcufinder/ => C:\Users\KOSTA\.stmcufinder\plugins\mcufinder
2024-12-03 20:24:13,674 [INFO] CrossReferenceDbSqlite:203 - Set database path to: C:\Users\KOSTA\.stmcufinder\plugins\mcufinder//mcu/cs/
2024-12-03 20:24:13,699 [INFO] ApplicationProperties:184 - Using Application install path: C:\ST\STM32CubeIDE_1.16.1\STM32CubeIDE\plugins\com.st.stm32cube.common.mx_6.12.1.202409122256
2024-12-03 20:24:13,701 [INFO] PluginManage:196 - Search for loadable plugins [exclusion list=, ]
2024-12-03 20:24:13,702 [INFO] PluginManage:310 - Check plugin analytics
2024-12-03 20:24:14,039 [INFO] AnalyticsPlugin:253 - Accepted Software Licenses: 
2024-12-03 20:24:14,039 [INFO] AnalyticsPlugin:255 - Accepted CMSIS Pack Licenses: EmbeddedOffice.I-CUBE-FS-RTOS.1.0.1,STMicroelectronics.X-CUBE-FREERTOS.1.2.0
2024-12-03 20:24:14,040 [INFO] AnalyticsPlugin:257 - Accepted Firmware Licenses: 
2024-12-03 20:24:14,044 [INFO] PluginManage:359 - Loaded plugin analytics (category:tool,tabindex:-1)
2024-12-03 20:24:14,045 [INFO] PluginManage:310 - Check plugin cadmodel
2024-12-03 20:24:14,050 [INFO] CADModel:105 - Init CAD model plugin
2024-12-03 20:24:14,051 [INFO] PluginManage:359 - Loaded plugin cadmodel (category:power,tabindex:5)
2024-12-03 20:24:14,051 [INFO] PluginManage:310 - Check plugin clock
2024-12-03 20:24:14,070 [INFO] PluginManage:359 - Loaded plugin clock (category:base,tabindex:2)
2024-12-03 20:24:14,070 [INFO] PluginManage:310 - Check plugin ddr
2024-12-03 20:24:14,077 [INFO] PluginManage:359 - Loaded plugin ddr (category:tool,tabindex:6)
2024-12-03 20:24:14,077 [INFO] PluginManage:310 - Check plugin filemanager
2024-12-03 20:24:14,345 [INFO] PluginManage:359 - Loaded plugin filemanager (category:base,tabindex:10)
2024-12-03 20:24:14,346 [INFO] PluginManage:310 - Check plugin ipmanager
2024-12-03 20:24:14,359 [INFO] PluginManage:359 - Loaded plugin ipmanager (category:base,tabindex:5)
2024-12-03 20:24:14,360 [INFO] PluginManage:310 - Check plugin lpbam
2024-12-03 20:24:14,375 [INFO] PluginManage:359 - Loaded plugin lpbam (category:base,tabindex:0)
2024-12-03 20:24:14,376 [INFO] PluginManage:310 - Check plugin memorymap
2024-12-03 20:24:14,395 [INFO] PluginManage:359 - Loaded plugin memorymap (category:base,tabindex:4)
2024-12-03 20:24:14,395 [INFO] PluginManage:310 - Check plugin pinoutandconfiguration
2024-12-03 20:24:14,406 [INFO] PluginManage:359 - Loaded plugin pinoutandconfiguration (category:base,tabindex:1)
2024-12-03 20:24:14,407 [INFO] PluginManage:310 - Check plugin pinoutconfig
2024-12-03 20:24:14,599 [WARN] SupportedApi:132 - Cannot load RTOS API schema: s4s-elt-must-match.1: The content of 'definitions' must match (annotation?, (simpleType | complexType)?, (unique | key | keyref)*)). A problem was found starting at: attribute.
2024-12-03 20:24:14,830 [INFO] PluginManage:359 - Loaded plugin pinoutconfig (category:base,tabindex:0)
2024-12-03 20:24:14,830 [INFO] PluginManage:310 - Check plugin power
2024-12-03 20:24:14,844 [INFO] PluginManage:359 - Loaded plugin power (category:power,tabindex:4)
2024-12-03 20:24:14,844 [INFO] PluginManage:310 - Check plugin projectmanager
2024-12-03 20:24:14,872 [INFO] PluginManage:359 - Loaded plugin projectmanager (category:projectmanager,tabindex:4)
2024-12-03 20:24:14,872 [INFO] PluginManage:310 - Check plugin rif
2024-12-03 20:24:14,881 [INFO] PluginManage:359 - Loaded plugin rif (category:base,tabindex:3)
2024-12-03 20:24:14,881 [INFO] PluginManage:310 - Check plugin thirdparty
2024-12-03 20:24:15,054 [INFO] PluginManage:359 - Loaded plugin thirdparty (category:base,tabindex:-1)
2024-12-03 20:24:15,054 [WARN] IntegrityCheckThread:84 - waiting for thirdparty lock release [integrity check]
2024-12-03 20:24:15,055 [INFO] IntegrityCheckThread:86 - entering critical section [integrity check]
2024-12-03 20:24:15,055 [INFO] PluginManage:310 - Check plugin tools
2024-12-03 20:24:15,055 [INFO] ThirdPartyUpdaterWithRetryManager:70 - Updater plugin not ready yet. [1/15]
2024-12-03 20:24:15,059 [INFO] PluginManage:359 - Loaded plugin tools (category:base,tabindex:7)
2024-12-03 20:24:15,059 [INFO] PluginManage:310 - Check plugin tutovideos
2024-12-03 20:24:15,296 [INFO] PluginManage:359 - Loaded plugin tutovideos (category:base,tabindex:-1)
2024-12-03 20:24:15,296 [INFO] PluginManage:310 - Check plugin updater
2024-12-03 20:24:15,317 [INFO] PluginManage:359 - Loaded plugin updater (category:base,tabindex:12)
2024-12-03 20:24:15,318 [INFO] PluginManage:310 - Check plugin userauth
2024-12-03 20:24:15,324 [INFO] UserAuth:113 - Init User Auth plugin
2024-12-03 20:24:15,324 [INFO] PluginManage:359 - Loaded plugin userauth (category:base,tabindex:14)
2024-12-03 20:24:15,324 [INFO] PluginManage:283 - PluginManage : Loaded plugins [18]
2024-12-03 20:24:15,612 [INFO] PinOutPanel:1561 - setPackage(No Configuration,No Configuration)
2024-12-03 20:24:15,739 [INFO] CADModel:165 - CPN selected for project level
2024-12-03 20:24:15,739 [INFO] CADModel:114 - Register for checkConnection events
2024-12-03 20:24:15,763 [INFO] IPUIPlugin:80 - create IPUIPlugin
2024-12-03 20:24:15,763 [INFO] PluginManager:220 - loadIPPluginJar : add adc
2024-12-03 20:24:15,767 [INFO] IPUIPlugin:80 - create IPUIPlugin
2024-12-03 20:24:15,769 [INFO] PluginManager:220 - loadIPPluginJar : add aes
2024-12-03 20:24:15,771 [INFO] IPUIPlugin:80 - create IPUIPlugin
2024-12-03 20:24:15,771 [INFO] PluginManager:220 - loadIPPluginJar : add can
2024-12-03 20:24:15,775 [INFO] IPUIPlugin:80 - create IPUIPlugin
2024-12-03 20:24:15,775 [INFO] PluginManager:220 - loadIPPluginJar : add comp
2024-12-03 20:24:15,780 [INFO] IPUIPlugin:80 - create IPUIPlugin
2024-12-03 20:24:15,780 [INFO] PluginManager:220 - loadIPPluginJar : add cryp
2024-12-03 20:24:15,783 [INFO] IPUIPlugin:80 - create IPUIPlugin
2024-12-03 20:24:15,783 [INFO] PluginManager:220 - loadIPPluginJar : add ddr_ctrl_phy
2024-12-03 20:24:15,787 [INFO] IPUIPlugin:80 - create IPUIPlugin
2024-12-03 20:24:15,787 [INFO] PluginManager:220 - loadIPPluginJar : add dfsdm
2024-12-03 20:24:15,794 [INFO] IPUIPlugin:80 - create IPUIPlugin
2024-12-03 20:24:15,795 [INFO] PluginManager:220 - loadIPPluginJar : add dma
2024-12-03 20:24:15,798 [INFO] IPUIPlugin:80 - create IPUIPlugin
2024-12-03 20:24:15,799 [INFO] PluginManager:220 - loadIPPluginJar : add dma3
2024-12-03 20:24:15,802 [INFO] IPUIPlugin:80 - create IPUIPlugin
2024-12-03 20:24:15,803 [INFO] PluginManager:220 - loadIPPluginJar : add extmemmanager
2024-12-03 20:24:15,806 [INFO] IPUIPlugin:80 - create IPUIPlugin
2024-12-03 20:24:15,806 [INFO] PluginManager:220 - loadIPPluginJar : add fatfs
2024-12-03 20:24:15,813 [INFO] IPUIPlugin:80 - create IPUIPlugin
2024-12-03 20:24:15,813 [INFO] PluginManager:220 - loadIPPluginJar : add fmc
2024-12-03 20:24:15,821 [INFO] IPUIPlugin:80 - create IPUIPlugin
2024-12-03 20:24:15,821 [INFO] PluginManager:220 - loadIPPluginJar : add freertos
2024-12-03 20:24:15,824 [INFO] IPUIPlugin:80 - create IPUIPlugin
2024-12-03 20:24:15,825 [INFO] PluginManager:220 - loadIPPluginJar : add genericplugin
2024-12-03 20:24:15,827 [INFO] IPUIPlugin:80 - create IPUIPlugin
2024-12-03 20:24:15,829 [INFO] PluginManager:220 - loadIPPluginJar : add gfxmmu
2024-12-03 20:24:15,834 [INFO] IPUIPlugin:80 - create IPUIPlugin
2024-12-03 20:24:15,835 [INFO] PluginManager:220 - loadIPPluginJar : add gic
2024-12-03 20:24:15,840 [INFO] IPUIPlugin:80 - create IPUIPlugin
2024-12-03 20:24:15,840 [INFO] PluginManager:220 - loadIPPluginJar : add gpio
2024-12-03 20:24:15,844 [INFO] IPUIPlugin:80 - create IPUIPlugin
2024-12-03 20:24:15,844 [INFO] PluginManager:220 - loadIPPluginJar : add gtzc
2024-12-03 20:24:15,847 [INFO] IPUIPlugin:80 - create IPUIPlugin
2024-12-03 20:24:15,847 [INFO] PluginManager:220 - loadIPPluginJar : add hash
2024-12-03 20:24:15,850 [INFO] IPUIPlugin:80 - create IPUIPlugin
2024-12-03 20:24:15,851 [INFO] PluginManager:220 - loadIPPluginJar : add i2c
2024-12-03 20:24:15,854 [INFO] IPUIPlugin:80 - create IPUIPlugin
2024-12-03 20:24:15,854 [INFO] PluginManager:220 - loadIPPluginJar : add i2s
2024-12-03 20:24:15,859 [INFO] IPUIPlugin:80 - create IPUIPlugin
2024-12-03 20:24:15,859 [INFO] PluginManager:220 - loadIPPluginJar : add i3c
2024-12-03 20:24:15,864 [INFO] IPUIPlugin:80 - create IPUIPlugin
2024-12-03 20:24:15,864 [INFO] PluginManager:220 - loadIPPluginJar : add ipddr
2024-12-03 20:24:15,873 [INFO] IPUIPlugin:80 - create IPUIPlugin
2024-12-03 20:24:15,873 [INFO] PluginManager:220 - loadIPPluginJar : add linkedlist
2024-12-03 20:24:15,878 [INFO] IPUIPlugin:80 - create IPUIPlugin
2024-12-03 20:24:15,878 [INFO] PluginManager:220 - loadIPPluginJar : add lorawan
2024-12-03 20:24:15,880 [INFO] IPUIPlugin:80 - create IPUIPlugin
2024-12-03 20:24:15,880 [INFO] PluginManager:220 - loadIPPluginJar : add ltdc
2024-12-03 20:24:15,889 [INFO] IPUIPlugin:80 - create IPUIPlugin
2024-12-03 20:24:15,889 [INFO] PluginManager:220 - loadIPPluginJar : add mdma
2024-12-03 20:24:15,894 [INFO] IPUIPlugin:80 - create IPUIPlugin
2024-12-03 20:24:15,894 [INFO] PluginManager:220 - loadIPPluginJar : add nvic
2024-12-03 20:24:15,899 [INFO] IPUIPlugin:80 - create IPUIPlugin
2024-12-03 20:24:15,900 [INFO] PluginManager:220 - loadIPPluginJar : add opamp
2024-12-03 20:24:15,905 [INFO] IPUIPlugin:80 - create IPUIPlugin
2024-12-03 20:24:15,906 [INFO] PluginManager:220 - loadIPPluginJar : add openamp
2024-12-03 20:24:15,911 [INFO] IPUIPlugin:80 - create IPUIPlugin
2024-12-03 20:24:15,911 [INFO] PluginManager:220 - loadIPPluginJar : add pdm2pcm
2024-12-03 20:24:15,921 [INFO] IPUIPlugin:80 - create IPUIPlugin
2024-12-03 20:24:15,925 [INFO] PluginManager:220 - loadIPPluginJar : add plateformsettings
2024-12-03 20:24:15,928 [INFO] IPUIPlugin:80 - create IPUIPlugin
2024-12-03 20:24:15,929 [INFO] PluginManager:220 - loadIPPluginJar : add quadspi
2024-12-03 20:24:15,930 [INFO] IPUIPlugin:80 - create IPUIPlugin
2024-12-03 20:24:15,932 [INFO] PluginManager:220 - loadIPPluginJar : add radio
2024-12-03 20:24:15,937 [INFO] IPUIPlugin:80 - create IPUIPlugin
2024-12-03 20:24:15,937 [INFO] PluginManager:220 - loadIPPluginJar : add resmgrutility
2024-12-03 20:24:15,942 [INFO] IPUIPlugin:80 - create IPUIPlugin
2024-12-03 20:24:15,942 [INFO] PluginManager:220 - loadIPPluginJar : add sai
2024-12-03 20:24:15,946 [INFO] IPUIPlugin:80 - create IPUIPlugin
2024-12-03 20:24:15,947 [INFO] PluginManager:220 - loadIPPluginJar : add spi
2024-12-03 20:24:15,955 [INFO] IPUIPlugin:80 - create IPUIPlugin
2024-12-03 20:24:15,956 [INFO] PluginManager:220 - loadIPPluginJar : add stm32_wpan
2024-12-03 20:24:15,959 [INFO] IPUIPlugin:80 - create IPUIPlugin
2024-12-03 20:24:15,959 [INFO] PluginManager:220 - loadIPPluginJar : add tim
2024-12-03 20:24:15,966 [INFO] IPUIPlugin:80 - create IPUIPlugin
2024-12-03 20:24:15,967 [INFO] PluginManager:220 - loadIPPluginJar : add touchsensing
2024-12-03 20:24:15,971 [INFO] IPUIPlugin:80 - create IPUIPlugin
2024-12-03 20:24:15,971 [INFO] PluginManager:220 - loadIPPluginJar : add tracer_emb
2024-12-03 20:24:15,975 [INFO] IPUIPlugin:80 - create IPUIPlugin
2024-12-03 20:24:15,975 [INFO] PluginManager:220 - loadIPPluginJar : add ts
2024-12-03 20:24:15,979 [INFO] IPUIPlugin:80 - create IPUIPlugin
2024-12-03 20:24:15,980 [INFO] PluginManager:220 - loadIPPluginJar : add tsc
2024-12-03 20:24:15,985 [INFO] IPUIPlugin:80 - create IPUIPlugin
2024-12-03 20:24:15,985 [INFO] PluginManager:220 - loadIPPluginJar : add ucpd
2024-12-03 20:24:15,990 [INFO] IPUIPlugin:80 - create IPUIPlugin
2024-12-03 20:24:15,991 [INFO] PluginManager:220 - loadIPPluginJar : add usart
2024-12-03 20:24:15,997 [INFO] IPUIPlugin:80 - create IPUIPlugin
2024-12-03 20:24:15,997 [INFO] PluginManager:220 - loadIPPluginJar : add usbx
2024-12-03 20:24:16,195 [INFO] CADModel:165 - CPN selected for project level
2024-12-03 20:24:16,196 [INFO] CADModel:114 - Register for checkConnection events
2024-12-03 20:24:16,196 [FATAL] Updater:334 - Updater called before beeing initialized
2024-12-03 20:24:16,196 [ERROR] CADModel:125 - Updater not yet initialized, retry later 
2024-12-03 20:24:16,448 [INFO] CADModel:165 - CPN selected for project level
2024-12-03 20:24:16,448 [INFO] CADModel:114 - Register for checkConnection events
2024-12-03 20:24:16,448 [FATAL] Updater:334 - Updater called before beeing initialized
2024-12-03 20:24:16,448 [ERROR] CADModel:125 - Updater not yet initialized, retry later 
2024-12-03 20:24:16,455 [FATAL] Updater:334 - Updater called before beeing initialized
2024-12-03 20:24:16,655 [FATAL] Updater:334 - Updater called before beeing initialized
2024-12-03 20:24:16,664 [INFO] DbMcusAds:53 - JSON generation date=Fri Sep 20 22:04:23 KST 2024 (1726837463113)
2024-12-03 20:24:16,664 [FATAL] Updater:334 - Updater called before beeing initialized
2024-12-03 20:24:16,730 [WARN] DetailPanel:346 - Failed to get advertising image, set to default
2024-12-03 20:24:16,914 [FATAL] Updater:334 - Updater called before beeing initialized
2024-12-03 20:24:16,916 [FATAL] Updater:334 - Updater called before beeing initialized
2024-12-03 20:24:16,917 [FATAL] Updater:334 - Updater called before beeing initialized
2024-12-03 20:24:16,917 [WARN] DetailPanel:346 - Failed to get advertising image, set to default
2024-12-03 20:24:16,918 [FATAL] Updater:334 - Updater called before beeing initialized
2024-12-03 20:24:16,990 [ERROR] Updater:1164 - MainUpdater not yet initialized. External WinMGr cannot be set.
2024-12-03 20:24:16,994 [INFO] Updater:1100 - Updater Version found : 6.12.1
2024-12-03 20:24:17,023 [INFO] ApplicationProperties:184 - Using Application install path: C:\ST\STM32CubeIDE_1.16.1\STM32CubeIDE\plugins\com.st.stm32cube.common.mx_6.12.1.202409122256
2024-12-03 20:24:18,057 [INFO] ThirdPartyUpdaterWithRetryManager:70 - Updater plugin not ready yet. [2/15]
2024-12-03 20:24:18,600 [ERROR] LogOutputStream:75 - [STDERR_REDIRECT] Dec 03, 2024 8:24:18 PM java.util.prefs.WindowsPreferences <init>
2024-12-03 20:24:18,602 [ERROR] LogOutputStream:75 - [STDERR_REDIRECT] WARNING: Could not open/create prefs root node Software\JavaSoft\Prefs at root 0xffffffff80000002. Windows RegCreateKeyEx(...) returned error code 5.
2024-12-03 20:24:18,602 [ERROR] LogOutputStream:75 - [STDERR_REDIRECT] 
2024-12-03 20:24:19,037 [INFO] MainUpdater:2873 - connection check result : 10
2024-12-03 20:24:19,038 [INFO] MainUpdater:290 - Updater Check For Update Now.
2024-12-03 20:24:19,038 [INFO] MicroXplorer:498 - Change Database Version : DB.6.0.121
2024-12-03 20:24:19,047 [INFO] McuFinderGlobals:63 - Set McuFinder mode to 2 (CubeIDE integrated)
2024-12-03 20:24:19,047 [INFO] UserAuth:417 - Internet connection configuration mode: 1
2024-12-03 20:24:19,080 [INFO] JxBrowserEngine:152 - Initiate JxBrowser Engine with user profile folder
2024-12-03 20:24:19,300 [INFO] CheckServerUpdateThread:120 - End of CheckServer Thread
2024-12-03 20:24:20,070 [INFO] WebApp:167 - Instantiating new browser for Auth
2024-12-03 20:24:21,164 [INFO] WebApp:448 - Apply proxy settings
2024-12-03 20:24:21,165 [INFO] WebApp:533 - Chromium requires no authentication
2024-12-03 20:24:21,184 [INFO] WebApp:476 - Direct internet connection detected
2024-12-03 20:24:21,231 [INFO] WebApp:869 - Register for checkConnection events
2024-12-03 20:24:21,231 [INFO] WebApp:448 - Apply proxy settings
2024-12-03 20:24:21,231 [INFO] WebApp:533 - Chromium requires no authentication
2024-12-03 20:24:21,232 [INFO] WebApp:476 - Direct internet connection detected
2024-12-03 20:24:21,487 [INFO] WebApp:186 - Connection restablished
2024-12-03 20:24:21,602 [WARN] PackLoader:240 - Cannot read IP mode file for STMicroelectronics.FP-SNS-MOTENVWB1.1.4.0
2024-12-03 20:24:21,611 [INFO] WebApp:220 - Starting web application
2024-12-03 20:24:21,612 [INFO] WebApp:578 - Web application path used C:\ST\STM32CubeIDE_1.16.1\STM32CubeIDE\plugins\com.st.stm32cube.common.mx_6.12.1.202409122256\db\plugins\mcufinder\reactClient1\index.html
2024-12-03 20:24:21,621 [WARN] PackLoader:240 - Cannot read IP mode file for STMicroelectronics.FP-ATR-ASTRA1.2.0.1
2024-12-03 20:24:21,689 [WARN] PackLoader:240 - Cannot read IP mode file for STMicroelectronics.X-CUBE-SMBUS.2.1.0
2024-12-03 20:24:21,711 [WARN] PackLoader:240 - Cannot read IP mode file for STMicroelectronics.X-CUBE-WB05N.1.1.0
2024-12-03 20:24:21,860 [WARN] PackLoader:240 - Cannot read IP mode file for STMicroelectronics.X-CUBE-AZRTOS-F7.1.1.0
2024-12-03 20:24:22,086 [WARN] PackLoader:240 - Cannot read IP mode file for STMicroelectronics.X-CUBE-MEMS1.11.0.0
2024-12-03 20:24:22,193 [INFO] UserAuth:417 - Internet connection configuration mode: 1
2024-12-03 20:24:22,544 [WARN] PackLoader:240 - Cannot read IP mode file for STMicroelectronics.FP-SNS-FLIGHT1.5.0.2
2024-12-03 20:24:22,567 [WARN] PackLoader:240 - Cannot read IP mode file for STMicroelectronics.X-CUBE-DISPLAY.3.0.0
2024-12-03 20:24:22,589 [WARN] PackLoader:240 - Cannot read IP mode file for STMicroelectronics.X-CUBE-BLE1.7.0.0
2024-12-03 20:24:22,610 [WARN] PackLoader:240 - Cannot read IP mode file for STMicroelectronics.X-CUBE-NFC10.1.0.0
2024-12-03 20:24:22,627 [WARN] PackLoader:240 - Cannot read IP mode file for emotas.I-CUBE-CANOPEN.1.3.0
2024-12-03 20:24:22,652 [WARN] PackLoader:240 - Cannot read IP mode file for STMicroelectronics.X-CUBE-BLEMGR.3.1.0
2024-12-03 20:24:22,670 [WARN] PackLoader:240 - Cannot read IP mode file for STMicroelectronics.FP-SNS-SMARTAG2.1.2.0
2024-12-03 20:24:22,695 [INFO] LogOutputStream:77 - [STDOUT_REDIRECT] 1 : Invalid condition id : UX_CORESTACK_Condition cause : null
2024-12-03 20:24:22,696 [INFO] LogOutputStream:77 - [STDOUT_REDIRECT] 1 : Invalid condition id : UX_CORESTACK_Condition cause : null
2024-12-03 20:24:22,703 [INFO] LogOutputStream:77 - [STDOUT_REDIRECT] 1 : Invalid condition id : UX_CORESTACK_Condition cause : null
2024-12-03 20:24:22,706 [INFO] LogOutputStream:77 - [STDOUT_REDIRECT] 1 : Invalid condition id : UX_CORESTACK_Condition cause : null
2024-12-03 20:24:22,710 [INFO] LogOutputStream:77 - [STDOUT_REDIRECT] 1 : Invalid condition id : UX_CORESTACK_Condition cause : null
2024-12-03 20:24:22,718 [WARN] PackLoader:240 - Cannot read IP mode file for STMicroelectronics.X-CUBE-AZRTOS-WL.2.0.0
2024-12-03 20:24:22,731 [WARN] PackLoader:240 - Cannot read IP mode file for STMicroelectronics.FP-SNS-MOTENV1.5.0.0
2024-12-03 20:24:22,744 [WARN] PackLoader:240 - Cannot read IP mode file for wolfSSL.I-CUBE-wolfMQTT.1.19.0
2024-12-03 20:24:22,765 [WARN] PackLoader:240 - Cannot read IP mode file for WES.I-CUBE-Cesium.1.3.0
2024-12-03 20:24:22,777 [WARN] PackLoader:240 - Cannot read IP mode file for STMicroelectronics.X-CUBE-BLE2.3.3.0
2024-12-03 20:24:22,795 [WARN] PackLoader:240 - Cannot read IP mode file for STMicroelectronics.X-CUBE-NFC9.1.0.0
2024-12-03 20:24:22,812 [WARN] PackLoader:240 - Cannot read IP mode file for STMicroelectronics.X-CUBE-TCPP.4.1.0
2024-12-03 20:24:22,847 [WARN] PackLoader:240 - Cannot read IP mode file for STMicroelectronics.X-CUBE-AZRTOS-G0.1.1.0
2024-12-03 20:24:22,865 [WARN] PackLoader:240 - Cannot read IP mode file for STMicroelectronics.X-CUBE-SAFEA1.1.2.2
2024-12-03 20:24:22,880 [WARN] PackLoader:240 - Cannot read IP mode file for STMicroelectronics.X-CUBE-NFC4.3.0.0
2024-12-03 20:24:22,906 [WARN] PackLoader:240 - Cannot read IP mode file for EmbeddedOffice.I-CUBE-FS-RTOS.1.0.1
2024-12-03 20:24:22,906 [ERROR] ConditionMgr:805 - Attr not supported : Dmpu
2024-12-03 20:24:22,907 [ERROR] ConditionMgr:805 - Attr not supported : Dmpu
2024-12-03 20:24:22,907 [ERROR] ConditionMgr:805 - Attr not supported : Dmpu
2024-12-03 20:24:22,907 [ERROR] ConditionMgr:805 - Attr not supported : Dmpu
2024-12-03 20:24:22,907 [ERROR] ConditionMgr:805 - Attr not supported : Dmpu
2024-12-03 20:24:22,907 [ERROR] ConditionMgr:805 - Attr not supported : Dmpu
2024-12-03 20:24:22,908 [ERROR] ConditionMgr:805 - Attr not supported : Dmpu
2024-12-03 20:24:22,908 [ERROR] ConditionMgr:805 - Attr not supported : Dmpu
2024-12-03 20:24:22,909 [ERROR] ConditionMgr:805 - Attr not supported : Dmpu
2024-12-03 20:24:22,909 [ERROR] ConditionMgr:805 - Attr not supported : Dmpu
2024-12-03 20:24:22,909 [ERROR] ConditionMgr:805 - Attr not supported : Dmpu
2024-12-03 20:24:22,910 [ERROR] ConditionMgr:805 - Attr not supported : Dmpu
2024-12-03 20:24:22,910 [ERROR] ConditionMgr:805 - Attr not supported : Dmpu
2024-12-03 20:24:22,910 [ERROR] ConditionMgr:805 - Attr not supported : Dmpu
2024-12-03 20:24:22,910 [ERROR] ConditionMgr:805 - Attr not supported : Dmpu
2024-12-03 20:24:22,911 [ERROR] ConditionMgr:805 - Attr not supported : Dmpu
2024-12-03 20:24:22,911 [ERROR] ConditionMgr:805 - Attr not supported : Dmpu
2024-12-03 20:24:22,911 [ERROR] ConditionMgr:805 - Attr not supported : Dmpu
2024-12-03 20:24:22,911 [ERROR] ConditionMgr:805 - Attr not supported : Dmpu
2024-12-03 20:24:22,911 [ERROR] ConditionMgr:805 - Attr not supported : Dmpu
2024-12-03 20:24:22,912 [ERROR] ConditionMgr:805 - Attr not supported : Dmpu
2024-12-03 20:24:22,912 [ERROR] ConditionMgr:805 - Attr not supported : Dmpu
2024-12-03 20:24:22,912 [ERROR] ConditionMgr:805 - Attr not supported : Dmpu
2024-12-03 20:24:22,912 [ERROR] ConditionMgr:805 - Attr not supported : Dmpu
2024-12-03 20:24:22,912 [ERROR] ConditionMgr:805 - Attr not supported : Dmpu
2024-12-03 20:24:22,913 [ERROR] ConditionMgr:805 - Attr not supported : Dmpu
2024-12-03 20:24:22,913 [ERROR] ConditionMgr:805 - Attr not supported : Dmpu
2024-12-03 20:24:22,913 [ERROR] ConditionMgr:805 - Attr not supported : Dmpu
2024-12-03 20:24:22,913 [ERROR] ConditionMgr:805 - Attr not supported : Dmpu
2024-12-03 20:24:22,913 [ERROR] ConditionMgr:805 - Attr not supported : Dmpu
2024-12-03 20:24:22,913 [ERROR] ConditionMgr:805 - Attr not supported : Dmpu
2024-12-03 20:24:22,914 [ERROR] ConditionMgr:805 - Attr not supported : Dmpu
2024-12-03 20:24:22,914 [ERROR] ConditionMgr:805 - Attr not supported : Dmpu
2024-12-03 20:24:22,914 [ERROR] ConditionMgr:805 - Attr not supported : Dmpu
2024-12-03 20:24:22,914 [ERROR] ConditionMgr:805 - Attr not supported : Dmpu
2024-12-03 20:24:22,914 [ERROR] ConditionMgr:805 - Attr not supported : Dmpu
2024-12-03 20:24:22,915 [ERROR] ConditionMgr:805 - Attr not supported : Dmpu
2024-12-03 20:24:22,915 [ERROR] ConditionMgr:805 - Attr not supported : Dmpu
2024-12-03 20:24:22,915 [ERROR] ConditionMgr:805 - Attr not supported : Dmpu
2024-12-03 20:24:22,915 [ERROR] ConditionMgr:805 - Attr not supported : Dmpu
2024-12-03 20:24:22,916 [ERROR] ConditionMgr:805 - Attr not supported : Dmpu
2024-12-03 20:24:22,917 [ERROR] ConditionMgr:805 - Attr not supported : Dmpu
2024-12-03 20:24:22,917 [ERROR] ConditionMgr:805 - Attr not supported : Dmpu
2024-12-03 20:24:22,917 [ERROR] ConditionMgr:805 - Attr not supported : Dmpu
2024-12-03 20:24:22,918 [ERROR] ConditionMgr:805 - Attr not supported : Dmpu
2024-12-03 20:24:22,918 [ERROR] ConditionMgr:805 - Attr not supported : Dmpu
2024-12-03 20:24:22,918 [ERROR] ConditionMgr:805 - Attr not supported : Dmpu
2024-12-03 20:24:22,919 [ERROR] ConditionMgr:805 - Attr not supported : Dmpu
2024-12-03 20:24:22,919 [ERROR] ConditionMgr:805 - Attr not supported : Dmpu
2024-12-03 20:24:22,919 [ERROR] ConditionMgr:805 - Attr not supported : Dmpu
2024-12-03 20:24:22,919 [ERROR] ConditionMgr:805 - Attr not supported : Dmpu
2024-12-03 20:24:22,919 [ERROR] ConditionMgr:805 - Attr not supported : Dmpu
2024-12-03 20:24:22,920 [ERROR] ConditionMgr:805 - Attr not supported : Dmpu
2024-12-03 20:24:22,920 [ERROR] ConditionMgr:805 - Attr not supported : Dmpu
2024-12-03 20:24:22,921 [ERROR] ConditionMgr:805 - Attr not supported : Dmpu
2024-12-03 20:24:22,922 [ERROR] ConditionMgr:805 - Attr not supported : Dmpu
2024-12-03 20:24:22,922 [ERROR] ConditionMgr:805 - Attr not supported : Dmpu
2024-12-03 20:24:22,922 [ERROR] ConditionMgr:805 - Attr not supported : Dmpu
2024-12-03 20:24:22,923 [ERROR] ConditionMgr:805 - Attr not supported : Dmpu
2024-12-03 20:24:22,923 [ERROR] ConditionMgr:805 - Attr not supported : Dmpu
2024-12-03 20:24:22,923 [ERROR] ConditionMgr:805 - Attr not supported : Dmpu
2024-12-03 20:24:22,923 [ERROR] ConditionMgr:805 - Attr not supported : Dmpu
2024-12-03 20:24:22,924 [ERROR] ConditionMgr:805 - Attr not supported : Dmpu
2024-12-03 20:24:22,924 [ERROR] ConditionMgr:805 - Attr not supported : Dmpu
2024-12-03 20:24:23,105 [WARN] PackLoader:240 - Cannot read IP mode file for RealThread.X-CUBE-RT-Thread_Nano.4.1.1
2024-12-03 20:24:23,114 [WARN] PackLoader:240 - Cannot read IP mode file for STMicroelectronics.FP-ATR-SIGFOX1.3.2.0
2024-12-03 20:24:23,125 [WARN] ConditionMgr:438 - getConditionDescription Invalid condition id : Cortex-A Device cause : null
2024-12-03 20:24:23,141 [WARN] ConditionMgr:1039 - genDependencies : Invalid condition id : Cortex-A Device cause : null
2024-12-03 20:24:23,142 [WARN] ConditionMgr:1039 - genDependencies : Invalid condition id : Cortex-A Device cause : null
2024-12-03 20:24:23,142 [WARN] ConditionMgr:1039 - genDependencies : Invalid condition id : Cortex-A Device cause : null
2024-12-03 20:24:23,154 [WARN] PackLoader:240 - Cannot read IP mode file for STMicroelectronics.X-CUBE-EEPRMA1.5.1.0
2024-12-03 20:24:23,166 [WARN] PackLoader:240 - Cannot read IP mode file for wolfSSL.I-CUBE-wolfSSL.5.7.4
2024-12-03 20:24:23,181 [WARN] PackLoader:240 - Cannot read IP mode file for ITTIA_DB.I-CUBE-ITTIADB.8.9.0
2024-12-03 20:24:23,264 [WARN] PackLoader:240 - Cannot read IP mode file for SEGGER.I-CUBE-embOS.1.3.1
2024-12-03 20:24:23,782 [WARN] PackLoader:240 - Cannot read IP mode file for STMicroelectronics.X-CUBE-ALGOBUILD.1.4.0
2024-12-03 20:24:23,792 [WARN] PackLoader:240 - Cannot read IP mode file for STMicroelectronics.X-CUBE-AI.9.1.0
2024-12-03 20:24:23,825 [WARN] PackLoader:240 - Cannot read IP mode file for STMicroelectronics.X-CUBE-AZRTOS-F4.1.1.0
2024-12-03 20:24:23,838 [WARN] PackLoader:240 - Cannot read IP mode file for STMicroelectronics.X-CUBE-ISPU.2.1.0
2024-12-03 20:24:23,850 [WARN] PackLoader:240 - Cannot read IP mode file for STMicroelectronics.X-CUBE-FREERTOS.1.2.0
2024-12-03 20:24:23,977 [WARN] PackLoader:240 - Cannot read IP mode file for STMicroelectronics.X-CUBE-AZRTOS-L5.2.0.0
2024-12-03 20:24:24,001 [WARN] PackLoader:240 - Cannot read IP mode file for STMicroelectronics.X-CUBE-NFC6.3.1.0
2024-12-03 20:24:24,016 [WARN] PackLoader:240 - Cannot read IP mode file for STMicroelectronics.X-CUBE-DPower.1.2.0
2024-12-03 20:24:24,029 [WARN] PackLoader:240 - Cannot read IP mode file for STMicroelectronics.X-CUBE-NFC7.1.0.1
2024-12-03 20:24:24,069 [WARN] ConditionMgr:438 - getConditionDescription Invalid condition id : LAN8742 Phy interface Condition cause : null
2024-12-03 20:24:24,070 [WARN] PackLoader:240 - Cannot read IP mode file for STMicroelectronics.X-CUBE-AZRTOS-L4.2.0.0
2024-12-03 20:24:24,072 [WARN] ConditionMgr:1039 - genDependencies : Invalid condition id : LAN8742 Phy interface Condition cause : null
2024-12-03 20:24:24,073 [WARN] ConditionMgr:1039 - genDependencies : Invalid condition id : LAN8742 Phy interface Condition cause : null
2024-12-03 20:24:24,074 [WARN] ConditionMgr:1039 - genDependencies : Invalid condition id : LAN8742 Phy interface Condition cause : null
2024-12-03 20:24:24,090 [WARN] PackLoader:240 - Cannot read IP mode file for STMicroelectronics.X-CUBE-SFXS2LP1.4.0.0
2024-12-03 20:24:24,141 [WARN] PackLoader:240 - Cannot read IP mode file for STMicroelectronics.X-CUBE-AZRTOS-H7.3.3.0
2024-12-03 20:24:24,179 [WARN] PackLoader:240 - Cannot read IP mode file for STMicroelectronics.X-CUBE-IPS.3.0.0
2024-12-03 20:24:24,211 [WARN] ConditionMgr:438 - getConditionDescription Invalid condition id : UX DEVICE CLASS RTOS Condition cause : null
2024-12-03 20:24:24,212 [WARN] ConditionMgr:438 - getConditionDescription Invalid condition id : UX DEVICE CLASS RTOS Condition cause : null
2024-12-03 20:24:24,216 [WARN] PackLoader:240 - Cannot read IP mode file for STMicroelectronics.X-CUBE-AZRTOS-WB.2.0.0
2024-12-03 20:24:24,217 [WARN] ConditionMgr:1039 - genDependencies : Invalid condition id : UX DEVICE CLASS RTOS Condition cause : null
2024-12-03 20:24:24,218 [WARN] ConditionMgr:1039 - genDependencies : Invalid condition id : UX DEVICE CLASS RTOS Condition cause : null
2024-12-03 20:24:24,219 [WARN] ConditionMgr:1039 - genDependencies : Invalid condition id : UX DEVICE CLASS RTOS Condition cause : null
2024-12-03 20:24:24,220 [WARN] ConditionMgr:1039 - genDependencies : Invalid condition id : UX DEVICE CLASS RTOS Condition cause : null
2024-12-03 20:24:24,221 [WARN] ConditionMgr:1039 - genDependencies : Invalid condition id : UX DEVICE CLASS RTOS Condition cause : null
2024-12-03 20:24:24,231 [WARN] PackLoader:240 - Cannot read IP mode file for STMicroelectronics.X-CUBE-GNSS1.7.0.0
2024-12-03 20:24:24,247 [WARN] PackLoader:240 - Cannot read IP mode file for STMicroelectronics.FP-SNS-STBOX1.2.0.0
2024-12-03 20:24:24,270 [WARN] PackLoader:240 - Cannot read IP mode file for STMicroelectronics.X-CUBE-SUBG2.5.0.0
2024-12-03 20:24:24,286 [WARN] PackLoader:240 - Cannot read IP mode file for Cesanta.I-CUBE-Mongoose.7.13.0
2024-12-03 20:24:24,316 [WARN] PackLoader:240 - Cannot read IP mode file for STMicroelectronics.X-CUBE-AZRTOS-G4.2.0.0
2024-12-03 20:24:24,327 [WARN] PackLoader:240 - Cannot read IP mode file for STMicroelectronics.X-CUBE-ALS.1.0.2
2024-12-03 20:24:24,336 [WARN] PackLoader:240 - Cannot read IP mode file for STMicroelectronics.X-CUBE-TOUCHGFX.4.24.1
2024-12-03 20:24:24,343 [WARN] PackLoader:240 - Cannot read IP mode file for wolfSSL.I-CUBE-wolfTPM.3.4.0
2024-12-03 20:24:24,354 [WARN] PackLoader:240 - Cannot read IP mode file for portGmbH.I-Cube-SoM-uGOAL.1.1.0
2024-12-03 20:24:24,391 [WARN] PackLoader:240 - Cannot read IP mode file for STMicroelectronics.X-CUBE-AZRTOS-H7RS.1.0.0
2024-12-03 20:24:24,401 [WARN] PackLoader:240 - Cannot read IP mode file for STMicroelectronics.FP-ATR-ASTRA1.2.0.0
2024-12-03 20:24:24,421 [WARN] PackLoader:240 - Cannot read IP mode file for STMicroelectronics.X-CUBE-TOF1.3.4.2
2024-12-03 20:24:24,480 [WARN] PackLoader:240 - Cannot read IP mode file for Infineon.AIROC-Wi-Fi-Bluetooth-STM32.1.6.1
2024-12-03 20:24:24,494 [WARN] PackLoader:240 - Cannot read IP mode file for wolfSSL.I-CUBE-wolfSSH.1.4.17
2024-12-03 20:24:24,495 [INFO] ThirdParty:978 - Integrity check success = true
2024-12-03 20:24:24,495 [INFO] IntegrityCheckThread:100 - exiting critical section [integrity check]
2024-12-03 20:24:24,495 [INFO] IntegrityCheckThread:103 - End integrity checks thread
2024-12-03 20:25:35,285 [ERROR] LogOutputStream:75 - [STDERR_REDIRECT] 
2024-12-03 20:25:35,287 [ERROR] LogOutputStream:75 - [STDERR_REDIRECT] 
